<?xml version="1.0" encoding="utf-8"?>
<LinearLayout xmlns:android="http://schemas.android.com/apk/res/android"
    android:id="@+id/testResultCard"
    android:layout_width="match_parent"
    android:layout_height="wrap_content"
    android:orientation="horizontal"
    android:padding="10dp">

    <ImageView
        android:padding="5dp"
        android:id="@+id/scaleAreaIcon"
        android:layout_width="0dp"
        android:layout_height="match_parent"
        android:layout_weight="1"/>

    <TextView
        android:id="@+id/scaleName"
        android:layout_width="0dp"
        android:layout_height="wrap_content"
        android:layout_gravity="center"
        android:layout_weight="2"
        android:text="TextView"
        android:textSize="20dp" />

    <TextView
        android:id="@+id/testResult"
        android:layout_width="0dp"
        android:layout_height="wrap_content"
        android:layout_gravity="center"
        android:layout_weight="4"
        android:text="TextView"
        android:textSize="20dp" />

</LinearLayout> 