<?xml version="1.0" encoding="utf-8"?>
<LinearLayout xmlns:android="http://schemas.android.com/apk/res/android"
    xmlns:app="http://schemas.android.com/apk/res-auto"
    android:id="@+id/testResultCard"
    android:layout_width="match_parent"
    android:layout_height="wrap_content"
    android:orientation="horizontal">

    <ImageView
        android:id="@+id/scaleAreaIcon"
        android:layout_width="0dp"
        android:layout_height="40dp"
        android:layout_weight="1"
        android:padding="5dp"
        android:adjustViewBounds="true"
        android:scaleType="centerInside"
        android:layout_gravity="center_vertical"
        app:srcCompat="@drawable/ic_people_black_24dp"/>

    <LinearLayout
        android:layout_width="0dp"
        android:layout_height="wrap_content"
        android:orientation="vertical"
        android:layout_weight="4">

        <TextView
            android:id="@+id/scaleName"
            android:layout_width="match_parent"
            android:layout_height="wrap_content"
            android:layout_gravity="center"
            android:textStyle="bold"
            android:text="Barthel Index"
            android:textSize="18dp" />

        <TextView
            android:id="@+id/testResult"
            android:layout_width="match_parent"
            android:layout_height="wrap_content"
            android:layout_gravity="center"
            android:text="Dependencia moderada"
            android:textSize="15dp" />


    </LinearLayout>


</LinearLayout> 